Arguments: 
  /opt/homebrew/Cellar/node/18.8.0/bin/node /opt/homebrew/Cellar/yarn/1.22.19/libexec/bin/yarn.js --offline

PATH: 
  /Users/king/King/operations/node_modules/.bin:/Users/king/King/operations/node_modules/.bin:/Users/king/King/node_modules/.bin:/Users/king/node_modules/.bin:/Users/node_modules/.bin:/node_modules/.bin:/opt/homebrew/lib/node_modules/npm/node_modules/@npmcli/run-script/lib/node-gyp-bin:/opt/homebrew/bin:/opt/homebrew/sbin:/usr/local/bin:/usr/bin:/bin:/usr/sbin:/sbin:/opt/homebrew/bin:/opt/homebrew/sbin

Yarn version: 
  1.22.19

Node version: 
  18.8.0

Platform: 
  darwin arm64

Trace: 
  SyntaxError: /Users/king/King/operations/tools/control-fs/rebuild-operation/package.json: Unexpected end of JSON input
      at JSON.parse (<anonymous>)
      at /opt/homebrew/Cellar/yarn/1.22.19/libexec/lib/cli.js:1629:59
      at Generator.next (<anonymous>)
      at step (/opt/homebrew/Cellar/yarn/1.22.19/libexec/lib/cli.js:310:30)
      at /opt/homebrew/Cellar/yarn/1.22.19/libexec/lib/cli.js:321:13

npm manifest: 
  

yarn manifest: 
  No manifest

Lockfile: 
  No lockfile
