Arguments: 
  /opt/homebrew/Cellar/node@16/16.13.1/libexec/node /Users/wijnandkarsens/.nvm/versions/node/v15.14.0/bin/yarn add -D react-with-native-form

PATH: 
  /opt/homebrew/opt/python@3.10/bin:/opt/homebrew/Cellar/node@16/16.13.1/bin:/opt/homebrew/opt/node@16/bin:/Users/wijnandkarsens/Downloads/google-cloud-sdk/bin:/Users/wijnandkarsens/.nvm/versions/node/v15.14.0/bin:/opt/homebrew/bin:/opt/homebrew/sbin:/usr/local/bin:/usr/bin:/bin:/usr/sbin:/sbin:/Library/Apple/usr/bin:/opt/homebrew/opt/node@16/bin:/Users/wijnandkarsens/Downloads/google-cloud-sdk/bin:/Users/wijnandkarsens/.nvm/versions/node/v15.14.0/bin:/opt/homebrew/bin:/opt/homebrew/sbin

Yarn version: 
  1.22.10

Node version: 
  16.13.1

Platform: 
  darwin arm64

Trace: 
  Error: https://registry.yarnpkg.com/react-with-native-form: Not found
      at Request.params.callback [as _callback] (/Users/wijnandkarsens/.nvm/versions/node/v15.14.0/lib/node_modules/yarn/lib/cli.js:66988:18)
      at Request.self.callback (/Users/wijnandkarsens/.nvm/versions/node/v15.14.0/lib/node_modules/yarn/lib/cli.js:140662:22)
      at Request.emit (node:events:390:28)
      at Request.<anonymous> (/Users/wijnandkarsens/.nvm/versions/node/v15.14.0/lib/node_modules/yarn/lib/cli.js:141634:10)
      at Request.emit (node:events:390:28)
      at IncomingMessage.<anonymous> (/Users/wijnandkarsens/.nvm/versions/node/v15.14.0/lib/node_modules/yarn/lib/cli.js:141556:12)
      at Object.onceWrapper (node:events:509:28)
      at IncomingMessage.emit (node:events:402:35)
      at endReadableNT (node:internal/streams/readable:1343:12)
      at processTicksAndRejections (node:internal/process/task_queues:83:21)

npm manifest: 
  {
    "name": "react-with-native-text-input",
    "version": "1.0.0",
    "description": "",
    "main": "src/index.tsx",
    "scripts": {
      "test": "echo \"Error: no test specified\" && exit 1"
    },
    "repository": {
      "type": "git",
      "url": "git+https://github.com/Code-From-Anywhere/react-with-native.git"
    },
    "keywords": [
      "text",
      "input"
    ],
    "author": "Wijnand Karsens",
    "license": "ISC",
    "bugs": {
      "url": "https://github.com/Code-From-Anywhere/react-with-native/issues"
    },
    "homepage": "https://github.com/Code-From-Anywhere/react-with-native#readme"
  }

yarn manifest: 
  No manifest

Lockfile: 
  No lockfile
